This is pdfTeX, Version 3.1415926-2.5-1.40.14 (TeX Live 2013/Debian) (format=pdflatex 2017.9.8)  18 OCT 2017 12:58
entering extended mode
 restricted \write18 enabled.
 %&-line parsing enabled.
**Chapter1.tex
(./Chapter1.tex
LaTeX2e <2011/06/27>
Babel <3.9h> and hyphenation patterns for 2 languages loaded.
! Undefined control sequence.
l.1 \chapter
            {File Management}
The control sequence at the end of the top line
of your error message was never \def'ed. If you have
misspelled it (e.g., `\hobx'), type `I' and the correct
spelling (e.g., `I\hbox'). Otherwise just continue,
and I'll forget about whatever was undefined.


! LaTeX Error: Missing \begin{document}.

See the LaTeX manual or LaTeX Companion for explanation.
Type  H <return>  for immediate help.
 ...                                              
                                                  
l.1 \chapter{F
              ile Management}
You're in trouble here.  Try typing  <return>  to proceed.
If that doesn't work, type  X <return>  to quit.

Missing character: There is no F in font nullfont!
Missing character: There is no i in font nullfont!
Missing character: There is no l in font nullfont!
Missing character: There is no e in font nullfont!
Missing character: There is no M in font nullfont!
Missing character: There is no a in font nullfont!
Missing character: There is no n in font nullfont!
Missing character: There is no a in font nullfont!
Missing character: There is no g in font nullfont!
Missing character: There is no e in font nullfont!
Missing character: There is no m in font nullfont!
Missing character: There is no e in font nullfont!
Missing character: There is no n in font nullfont!
Missing character: There is no t in font nullfont!
! Undefined control sequence.
l.2 \section
            *{Question}
The control sequence at the end of the top line
of your error message was never \def'ed. If you have
misspelled it (e.g., `\hobx'), type `I' and the correct
spelling (e.g., `I\hbox'). Otherwise just continue,
and I'll forget about whatever was undefined.

Missing character: There is no * in font nullfont!
Missing character: There is no Q in font nullfont!
Missing character: There is no u in font nullfont!
Missing character: There is no e in font nullfont!
Missing character: There is no s in font nullfont!
Missing character: There is no t in font nullfont!
Missing character: There is no i in font nullfont!
Missing character: There is no o in font nullfont!
Missing character: There is no n in font nullfont!

Overfull \hbox (20.0pt too wide) in paragraph at lines 1--3
[]
 []

LaTeX Font Info:    Try loading font information for OT1+qbk on input line 4.
(/usr/share/texmf/tex/latex/tex-gyre/ot1qbk.fd
File: ot1qbk.fd 2009/09/25 v1.2 font definition file for OT1/qbk
)

! LaTeX Error: Missing \begin{document}.

See the LaTeX manual or LaTeX Companion for explanation.
Type  H <return>  for immediate help.
 ...                                              
                                                  
l.9 }
     }} \\
You're in trouble here.  Try typing  <return>  to proceed.
If that doesn't work, type  X <return>  to quit.

LaTeX Font Info:    Font shape `OT1/qbk/bx/n' in size <10> not available
(Font)              Font shape `OT1/qbk/b/n' tried instead on input line 9.
! Too many }'s.
<recently read> }
                 
l.10 }
      
You've closed more groups than you opened.
Such booboos are generally harmless, so keep going.


Overfull \hbox (47.79996pt too wide) in paragraph at lines 9--11
[]\OT1/qbk/b/n/10 Write
 []


Overfull \hbox (5.79999pt too wide) in paragraph at lines 9--11
\OT1/qbk/b/n/10 a
 []


Overfull \hbox (7.4pt too wide) in paragraph at lines 9--11
\OT1/qbk/b/n/10 C
 []


Overfull \hbox (20.8pt too wide) in paragraph at lines 9--11
\OT1/qbk/b/n/10 pro-
 []


Overfull \hbox (26.39996pt too wide) in paragraph at lines 9--11
\OT1/qbk/b/n/10 gram
 []


Overfull \hbox (10.7pt too wide) in paragraph at lines 9--11
\OT1/qbk/b/n/10 to
 []


Overfull \hbox (19.79999pt too wide) in paragraph at lines 9--11
\OT1/qbk/b/n/10 cre-
 []


Overfull \hbox (16.09998pt too wide) in paragraph at lines 9--11
\OT1/qbk/b/n/10 ate
 []


Overfull \hbox (5.79999pt too wide) in paragraph at lines 9--11
\OT1/qbk/b/n/10 a
 []


Overfull \hbox (14.59998pt too wide) in paragraph at lines 9--11
\OT1/qbk/b/n/10 se-
 []


Overfull \hbox (28.9pt too wide) in paragraph at lines 9--11
\OT1/qbk/b/n/10 quen-
 []


Overfull \hbox (17.39998pt too wide) in paragraph at lines 9--11
\OT1/qbk/b/n/10 tial
 []


Overfull \hbox (16.59996pt too wide) in paragraph at lines 9--11
\OT1/qbk/b/n/10 file
 []


Overfull \hbox (23.1pt too wide) in paragraph at lines 9--11
\OT1/qbk/b/n/10 with
 []


Overfull \hbox (10.4pt too wide) in paragraph at lines 9--11
\OT1/qbk/b/n/10 at
 []


Overfull \hbox (24.69994pt too wide) in paragraph at lines 9--11
\OT1/qbk/b/n/10 least
 []


Overfull \hbox (19.09998pt too wide) in paragraph at lines 9--11
\OT1/qbk/b/n/10 five
 []


Overfull \hbox (41.99994pt too wide) in paragraph at lines 9--11
\OT1/qbk/b/n/10 records,
 []


Overfull \hbox (24.09996pt too wide) in paragraph at lines 9--11
\OT1/qbk/b/n/10 each
 []


Overfull \hbox (33.39998pt too wide) in paragraph at lines 9--11
\OT1/qbk/b/n/10 record
 []


Overfull \hbox (21.90001pt too wide) in paragraph at lines 9--11
\OT1/qbk/b/n/10 hav-
 []


Overfull \hbox (16.2pt too wide) in paragraph at lines 9--11
\OT1/qbk/b/n/10 ing
 []


Overfull \hbox (17.29999pt too wide) in paragraph at lines 9--11
\OT1/qbk/b/n/10 the
 []


Overfull \hbox (30.49997pt too wide) in paragraph at lines 9--11
\OT1/qbk/b/n/10 struc-
 []


Overfull \hbox (21.6pt too wide) in paragraph at lines 9--11
\OT1/qbk/b/n/10 ture
 []


Overfull \hbox (32.94998pt too wide) in paragraph at lines 9--11
\OT1/qbk/b/n/10 shown
 []


Overfull \hbox (10.40001pt too wide) in paragraph at lines 9--11
\OT1/qbk/b/n/10 in
 []


Overfull \hbox (17.29999pt too wide) in paragraph at lines 9--11
\OT1/qbk/b/n/10 the
 []


Overfull \hbox (14.09999pt too wide) in paragraph at lines 9--11
\OT1/qbk/b/n/10 ta-
 []


Overfull \hbox (18.59995pt too wide) in paragraph at lines 9--11
\OT1/qbk/b/n/10 ble: 
 []


Overfull \hbox (27.79996pt too wide) in paragraph at lines 9--11
\OT1/qbk/b/n/10 Write
 []


Overfull \hbox (21.99998pt too wide) in paragraph at lines 9--11
\OT1/qbk/b/n/10 nec-
 []


Overfull \hbox (14.59998pt too wide) in paragraph at lines 9--11
\OT1/qbk/b/n/10 es-
 []


Overfull \hbox (22.09998pt too wide) in paragraph at lines 9--11
\OT1/qbk/b/n/10 sary
 []


Overfull \hbox (26.59999pt too wide) in paragraph at lines 9--11
\OT1/qbk/b/n/10 func-
 []


Overfull \hbox (26.4pt too wide) in paragraph at lines 9--11
\OT1/qbk/b/n/10 tions
 []


Overfull \hbox (10.7pt too wide) in paragraph at lines 9--11
\OT1/qbk/b/n/10 to
 []


Overfull \hbox (20.4pt too wide) in paragraph at lines 9--11
\OT1/qbk/b/n/10 per-
 []


Overfull \hbox (24.64998pt too wide) in paragraph at lines 9--11
\OT1/qbk/b/n/10 form
 []


Overfull \hbox (17.29999pt too wide) in paragraph at lines 9--11
\OT1/qbk/b/n/10 the
 []


Overfull \hbox (16.84998pt too wide) in paragraph at lines 9--11
\OT1/qbk/b/n/10 fol-
 []


Overfull \hbox (21.14998pt too wide) in paragraph at lines 9--11
\OT1/qbk/b/n/10 low-
 []


Overfull \hbox (16.2pt too wide) in paragraph at lines 9--11
\OT1/qbk/b/n/10 ing
 []


Overfull \hbox (16.2pt too wide) in paragraph at lines 9--11
\OT1/qbk/b/n/10 op-
 []


Overfull \hbox (14.0pt too wide) in paragraph at lines 9--11
\OT1/qbk/b/n/10 er-
 []


Overfull \hbox (9.4pt too wide) in paragraph at lines 9--11
\OT1/qbk/b/n/10 a-
 []


Overfull \hbox (29.79997pt too wide) in paragraph at lines 9--11
\OT1/qbk/b/n/10 tions: 
 []


Overfull \hbox (6.8pt too wide) in paragraph at lines 9--11
\OT1/qbk/b/n/10 i)
 []


Overfull \hbox (10.7pt too wide) in paragraph at lines 9--11
\OT1/qbk/b/n/10 to
 []


Overfull \hbox (18.79999pt too wide) in paragraph at lines 9--11
\OT1/qbk/b/n/10 dis-
 []


Overfull \hbox (21.54996pt too wide) in paragraph at lines 9--11
\OT1/qbk/b/n/10 play
 []


Overfull \hbox (12.59995pt too wide) in paragraph at lines 9--11
\OT1/qbk/b/n/10 all
 []


Overfull \hbox (17.29999pt too wide) in paragraph at lines 9--11
\OT1/qbk/b/n/10 the
 []


Overfull \hbox (38.59996pt too wide) in paragraph at lines 9--11
\OT1/qbk/b/n/10 records
 []


Overfull \hbox (10.40001pt too wide) in paragraph at lines 9--11
\OT1/qbk/b/n/10 in
 []


Overfull \hbox (17.29999pt too wide) in paragraph at lines 9--11
\OT1/qbk/b/n/10 the
 []


Overfull \hbox (19.99994pt too wide) in paragraph at lines 9--11
\OT1/qbk/b/n/10 file. 
 []


Overfull \hbox (10.40001pt too wide) in paragraph at lines 9--11
\OT1/qbk/b/n/10 ii)
 []


Overfull \hbox (10.7pt too wide) in paragraph at lines 9--11
\OT1/qbk/b/n/10 to
 []


Overfull \hbox (33.89995pt too wide) in paragraph at lines 9--11
\OT1/qbk/b/n/10 search
 []


Overfull \hbox (14.45pt too wide) in paragraph at lines 9--11
\OT1/qbk/b/n/10 for
 []


Overfull \hbox (5.79999pt too wide) in paragraph at lines 9--11
\OT1/qbk/b/n/10 a
 []


Overfull \hbox (20.99997pt too wide) in paragraph at lines 9--11
\OT1/qbk/b/n/10 spe-
 []


Overfull \hbox (22.59998pt too wide) in paragraph at lines 9--11
\OT1/qbk/b/n/10 cific
 []


Overfull \hbox (33.39998pt too wide) in paragraph at lines 9--11
\OT1/qbk/b/n/10 record
 []


Overfull \hbox (29.19995pt too wide) in paragraph at lines 9--11
\OT1/qbk/b/n/10 based
 []


Overfull \hbox (13.0pt too wide) in paragraph at lines 9--11
\OT1/qbk/b/n/10 on
 []


Overfull \hbox (20.19998pt too wide) in paragraph at lines 9--11
\OT1/qbk/b/n/10 EM-
 []


Overfull \hbox (217.9497pt too wide) in paragraph at lines 9--11
\OT1/qbk/b/n/10 PLOYEE[]ID/SALARY/DEPARTMENT/AGE. 
 []


Overfull \hbox (10.79999pt too wide) in paragraph at lines 9--11
\OT1/qbk/b/n/10 In
 []


Overfull \hbox (22.59995pt too wide) in paragraph at lines 9--11
\OT1/qbk/b/n/10 case
 []


Overfull \hbox (7.4pt too wide) in paragraph at lines 9--11
\OT1/qbk/b/n/10 if
 []


Overfull \hbox (17.29999pt too wide) in paragraph at lines 9--11
\OT1/qbk/b/n/10 the
 []


Overfull \hbox (14.0pt too wide) in paragraph at lines 9--11
\OT1/qbk/b/n/10 re-
 []


Overfull \hbox (33.09999pt too wide) in paragraph at lines 9--11
\OT1/qbk/b/n/10 quired
 []


Overfull \hbox (33.39998pt too wide) in paragraph at lines 9--11
\OT1/qbk/b/n/10 record
 []


Overfull \hbox (8.79999pt too wide) in paragraph at lines 9--11
\OT1/qbk/b/n/10 is
 []


Overfull \hbox (17.45001pt too wide) in paragraph at lines 9--11
\OT1/qbk/b/n/10 not
 []


Overfull \hbox (33.04997pt too wide) in paragraph at lines 9--11
\OT1/qbk/b/n/10 found,
 []


Overfull \hbox (23.6pt too wide) in paragraph at lines 9--11
\OT1/qbk/b/n/10 suit-
 []


Overfull \hbox (20.99995pt too wide) in paragraph at lines 9--11
\OT1/qbk/b/n/10 able
 []


Overfull \hbox (24.59998pt too wide) in paragraph at lines 9--11
\OT1/qbk/b/n/10 mes-
 []


Overfull \hbox (22.39995pt too wide) in paragraph at lines 9--11
\OT1/qbk/b/n/10 sage
 []


Overfull \hbox (34.59996pt too wide) in paragraph at lines 9--11
\OT1/qbk/b/n/10 should
 []


Overfull \hbox (11.79999pt too wide) in paragraph at lines 9--11
\OT1/qbk/b/n/10 be
 []


Overfull \hbox (18.79999pt too wide) in paragraph at lines 9--11
\OT1/qbk/b/n/10 dis-
 []


Overfull \hbox (36.99992pt too wide) in paragraph at lines 9--11
\OT1/qbk/b/n/10 played.
 []

LaTeX Font Info:    External font `cmex10' loaded for size
(Font)              <7> on input line 12.
LaTeX Font Info:    External font `cmex10' loaded for size
(Font)              <5> on input line 12.
Missing character: There is no E in font nullfont!
Missing character: There is no M in font nullfont!
Missing character: There is no P in font nullfont!
Missing character: There is no L in font nullfont!
Missing character: There is no O in font nullfont!
Missing character: There is no Y in font nullfont!
Missing character: There is no E in font nullfont!
Missing character: There is no E in font nullfont!
Missing character: There is no I in font nullfont!
Missing character: There is no D in font nullfont!
Missing character: There is no N in font nullfont!
Missing character: There is no A in font nullfont!
Missing character: There is no M in font nullfont!
Missing character: There is no E in font nullfont!
Missing character: There is no D in font nullfont!
Missing character: There is no E in font nullfont!
Missing character: There is no P in font nullfont!
Missing character: There is no A in font nullfont!
Missing character: There is no R in font nullfont!
Missing character: There is no T in font nullfont!
Missing character: There is no M in font nullfont!
Missing character: There is no E in font nullfont!
Missing character: There is no N in font nullfont!
Missing character: There is no T in font nullfont!
Missing character: There is no S in font nullfont!
Missing character: There is no A in font nullfont!
Missing character: There is no L in font nullfont!
Missing character: There is no A in font nullfont!
Missing character: There is no R in font nullfont!
Missing character: There is no Y in font nullfont!
Missing character: There is no A in font nullfont!
Missing character: There is no G in font nullfont!
Missing character: There is no E in font nullfont!
Missing character: There is no N in font nullfont!
Missing character: There is no o in font nullfont!
Missing character: There is no n in font nullfont!
Missing character: There is no - in font nullfont!
Missing character: There is no Z in font nullfont!
Missing character: There is no e in font nullfont!
Missing character: There is no r in font nullfont!
Missing character: There is no o in font nullfont!
Missing character: There is no + in font nullfont!
Missing character: There is no v in font nullfont!
Missing character: There is no e in font nullfont!
Missing character: There is no I in font nullfont!
Missing character: There is no n in font nullfont!
Missing character: There is no t in font nullfont!
Missing character: There is no e in font nullfont!
Missing character: There is no g in font nullfont!
Missing character: There is no e in font nullfont!
Missing character: There is no r in font nullfont!
Missing character: There is no 2 in font nullfont!
Missing character: There is no 5 in font nullfont!
Missing character: There is no C in font nullfont!
Missing character: There is no h in font nullfont!
Missing character: There is no a in font nullfont!
Missing character: There is no r in font nullfont!
Missing character: There is no a in font nullfont!
Missing character: There is no c in font nullfont!
Missing character: There is no t in font nullfont!
Missing character: There is no e in font nullfont!
Missing character: There is no r in font nullfont!
Missing character: There is no s in font nullfont!
Missing character: There is no 2 in font nullfont!
Missing character: There is no 5 in font nullfont!
Missing character: There is no C in font nullfont!
Missing character: There is no h in font nullfont!
Missing character: There is no a in font nullfont!
Missing character: There is no r in font nullfont!
Missing character: There is no a in font nullfont!
Missing character: There is no c in font nullfont!
Missing character: There is no t in font nullfont!
Missing character: There is no e in font nullfont!
Missing character: There is no r in font nullfont!
Missing character: There is no s in font nullfont!
Missing character: There is no + in font nullfont!
Missing character: There is no v in font nullfont!
Missing character: There is no e in font nullfont!
Missing character: There is no I in font nullfont!
Missing character: There is no n in font nullfont!
Missing character: There is no t in font nullfont!
Missing character: There is no e in font nullfont!
Missing character: There is no g in font nullfont!
Missing character: There is no e in font nullfont!
Missing character: There is no r in font nullfont!
Missing character: There is no + in font nullfont!
Missing character: There is no v in font nullfont!
Missing character: There is no e in font nullfont!
Missing character: There is no I in font nullfont!
Missing character: There is no n in font nullfont!
Missing character: There is no t in font nullfont!
Missing character: There is no e in font nullfont!
Missing character: There is no g in font nullfont!
Missing character: There is no e in font nullfont!
Missing character: There is no r in font nullfont!
! Undefined control sequence.
l.21 \section
             {C Code - Text I/O}
The control sequence at the end of the top line
of your error message was never \def'ed. If you have
misspelled it (e.g., `\hobx'), type `I' and the correct
spelling (e.g., `I\hbox'). Otherwise just continue,
and I'll forget about whatever was undefined.

Missing character: There is no C in font nullfont!
Missing character: There is no C in font nullfont!
Missing character: There is no o in font nullfont!
Missing character: There is no d in font nullfont!
Missing character: There is no e in font nullfont!
Missing character: There is no - in font nullfont!
Missing character: There is no T in font nullfont!
Missing character: There is no e in font nullfont!
Missing character: There is no x in font nullfont!
Missing character: There is no t in font nullfont!
Missing character: There is no I in font nullfont!
Missing character: There is no / in font nullfont!
Missing character: There is no O in font nullfont!
! Undefined control sequence.
l.23 \lstinputlisting
                     [language={[ANSI]C}, caption=01EmployeeDB.c]{Programs/0...
The control sequence at the end of the top line
of your error message was never \def'ed. If you have
misspelled it (e.g., `\hobx'), type `I' and the correct
spelling (e.g., `I\hbox'). Otherwise just continue,
and I'll forget about whatever was undefined.

Missing character: There is no [ in font nullfont!
Missing character: There is no l in font nullfont!
Missing character: There is no a in font nullfont!
Missing character: There is no n in font nullfont!
Missing character: There is no g in font nullfont!
Missing character: There is no u in font nullfont!
Missing character: There is no a in font nullfont!
Missing character: There is no g in font nullfont!
Missing character: There is no e in font nullfont!
Missing character: There is no = in font nullfont!
Missing character: There is no [ in font nullfont!
Missing character: There is no A in font nullfont!
Missing character: There is no N in font nullfont!
Missing character: There is no S in font nullfont!
Missing character: There is no I in font nullfont!
Missing character: There is no ] in font nullfont!
Missing character: There is no C in font nullfont!
Missing character: There is no , in font nullfont!
Missing character: There is no c in font nullfont!
Missing character: There is no a in font nullfont!
Missing character: There is no p in font nullfont!
Missing character: There is no t in font nullfont!
Missing character: There is no i in font nullfont!
Missing character: There is no o in font nullfont!
Missing character: There is no n in font nullfont!
Missing character: There is no = in font nullfont!
Missing character: There is no 0 in font nullfont!
Missing character: There is no 1 in font nullfont!
Missing character: There is no E in font nullfont!
Missing character: There is no m in font nullfont!
Missing character: There is no p in font nullfont!
Missing character: There is no l in font nullfont!
Missing character: There is no o in font nullfont!
Missing character: There is no y in font nullfont!
Missing character: There is no e in font nullfont!
Missing character: There is no e in font nullfont!
Missing character: There is no D in font nullfont!
Missing character: There is no B in font nullfont!
Missing character: There is no . in font nullfont!
Missing character: There is no c in font nullfont!
Missing character: There is no ] in font nullfont!
Missing character: There is no P in font nullfont!
Missing character: There is no r in font nullfont!
Missing character: There is no o in font nullfont!
Missing character: There is no g in font nullfont!
Missing character: There is no r in font nullfont!
Missing character: There is no a in font nullfont!
Missing character: There is no m in font nullfont!
Missing character: There is no s in font nullfont!
Missing character: There is no / in font nullfont!
Missing character: There is no 0 in font nullfont!
Missing character: There is no 1 in font nullfont!
Missing character: There is no E in font nullfont!
Missing character: There is no m in font nullfont!
Missing character: There is no p in font nullfont!
Missing character: There is no l in font nullfont!
Missing character: There is no o in font nullfont!
Missing character: There is no y in font nullfont!
Missing character: There is no e in font nullfont!
Missing character: There is no e in font nullfont!
Missing character: There is no D in font nullfont!
Missing character: There is no B in font nullfont!
Missing character: There is no . in font nullfont!
Missing character: There is no c in font nullfont!

Overfull \hbox (20.0pt too wide) in paragraph at lines 21--24
[]
 []


Overfull \hbox (295.1651pt too wide) in paragraph at lines 21--24
\OT1/cmr/bx/n/10 =================================
 []

! Undefined control sequence.
l.25 \section
             {C Code - Binary I/O}
The control sequence at the end of the top line
of your error message was never \def'ed. If you have
misspelled it (e.g., `\hobx'), type `I' and the correct
spelling (e.g., `I\hbox'). Otherwise just continue,
and I'll forget about whatever was undefined.

Missing character: There is no C in font nullfont!
Missing character: There is no C in font nullfont!
Missing character: There is no o in font nullfont!
Missing character: There is no d in font nullfont!
Missing character: There is no e in font nullfont!
Missing character: There is no - in font nullfont!
Missing character: There is no B in font nullfont!
Missing character: There is no i in font nullfont!
Missing character: There is no n in font nullfont!
Missing character: There is no a in font nullfont!
Missing character: There is no r in font nullfont!
Missing character: There is no y in font nullfont!
Missing character: There is no I in font nullfont!
Missing character: There is no / in font nullfont!
Missing character: There is no O in font nullfont!
! Undefined control sequence.
l.27 \lstinputlisting
                     [language={[ANSI]C}, caption=01EmployeeDBBinary.c]{Prog...
The control sequence at the end of the top line
of your error message was never \def'ed. If you have
misspelled it (e.g., `\hobx'), type `I' and the correct
spelling (e.g., `I\hbox'). Otherwise just continue,
and I'll forget about whatever was undefined.

Missing character: There is no [ in font nullfont!
Missing character: There is no l in font nullfont!
Missing character: There is no a in font nullfont!
Missing character: There is no n in font nullfont!
Missing character: There is no g in font nullfont!
Missing character: There is no u in font nullfont!
Missing character: There is no a in font nullfont!
Missing character: There is no g in font nullfont!
Missing character: There is no e in font nullfont!
Missing character: There is no = in font nullfont!
Missing character: There is no [ in font nullfont!
Missing character: There is no A in font nullfont!
Missing character: There is no N in font nullfont!
Missing character: There is no S in font nullfont!
Missing character: There is no I in font nullfont!
Missing character: There is no ] in font nullfont!
Missing character: There is no C in font nullfont!
Missing character: There is no , in font nullfont!
Missing character: There is no c in font nullfont!
Missing character: There is no a in font nullfont!
Missing character: There is no p in font nullfont!
Missing character: There is no t in font nullfont!
Missing character: There is no i in font nullfont!
Missing character: There is no o in font nullfont!
Missing character: There is no n in font nullfont!
Missing character: There is no = in font nullfont!
Missing character: There is no 0 in font nullfont!
Missing character: There is no 1 in font nullfont!
Missing character: There is no E in font nullfont!
Missing character: There is no m in font nullfont!
Missing character: There is no p in font nullfont!
Missing character: There is no l in font nullfont!
Missing character: There is no o in font nullfont!
Missing character: There is no y in font nullfont!
Missing character: There is no e in font nullfont!
Missing character: There is no e in font nullfont!
Missing character: There is no D in font nullfont!
Missing character: There is no B in font nullfont!
Missing character: There is no B in font nullfont!
Missing character: There is no i in font nullfont!
Missing character: There is no n in font nullfont!
Missing character: There is no a in font nullfont!
Missing character: There is no r in font nullfont!
Missing character: There is no y in font nullfont!
Missing character: There is no . in font nullfont!
Missing character: There is no c in font nullfont!
Missing character: There is no ] in font nullfont!
Missing character: There is no P in font nullfont!
Missing character: There is no r in font nullfont!
Missing character: There is no o in font nullfont!
Missing character: There is no g in font nullfont!
Missing character: There is no r in font nullfont!
Missing character: There is no a in font nullfont!
Missing character: There is no m in font nullfont!
Missing character: There is no s in font nullfont!
Missing character: There is no / in font nullfont!
Missing character: There is no 0 in font nullfont!
Missing character: There is no 1 in font nullfont!
Missing character: There is no E in font nullfont!
Missing character: There is no m in font nullfont!
Missing character: There is no p in font nullfont!
Missing character: There is no l in font nullfont!
Missing character: There is no o in font nullfont!
Missing character: There is no y in font nullfont!
Missing character: There is no e in font nullfont!
Missing character: There is no e in font nullfont!
Missing character: There is no D in font nullfont!
Missing character: There is no B in font nullfont!
Missing character: There is no B in font nullfont!
Missing character: There is no i in font nullfont!
Missing character: There is no n in font nullfont!
Missing character: There is no a in font nullfont!
Missing character: There is no r in font nullfont!
Missing character: There is no y in font nullfont!
Missing character: There is no . in font nullfont!
Missing character: There is no c in font nullfont!

Overfull \hbox (20.0pt too wide) in paragraph at lines 25--28
[]
 []


Overfull \hbox (295.1651pt too wide) in paragraph at lines 25--28
\OT1/cmr/bx/n/10 =================================
 []

! Undefined control sequence.
l.30 \section
             *{Output}
The control sequence at the end of the top line
of your error message was never \def'ed. If you have
misspelled it (e.g., `\hobx'), type `I' and the correct
spelling (e.g., `I\hbox'). Otherwise just continue,
and I'll forget about whatever was undefined.

Missing character: There is no * in font nullfont!
Missing character: There is no O in font nullfont!
Missing character: There is no u in font nullfont!
Missing character: There is no t in font nullfont!
Missing character: There is no p in font nullfont!
Missing character: There is no u in font nullfont!
Missing character: There is no t in font nullfont!
! Undefined control sequence.
l.32 \lstinputlisting
                     [language={[ANSI]C}, caption=out1.c]{Programs/out1.c}
The control sequence at the end of the top line
of your error message was never \def'ed. If you have
misspelled it (e.g., `\hobx'), type `I' and the correct
spelling (e.g., `I\hbox'). Otherwise just continue,
and I'll forget about whatever was undefined.

Missing character: There is no [ in font nullfont!
Missing character: There is no l in font nullfont!
Missing character: There is no a in font nullfont!
Missing character: There is no n in font nullfont!
Missing character: There is no g in font nullfont!
Missing character: There is no u in font nullfont!
Missing character: There is no a in font nullfont!
Missing character: There is no g in font nullfont!
Missing character: There is no e in font nullfont!
Missing character: There is no = in font nullfont!
Missing character: There is no [ in font nullfont!
Missing character: There is no A in font nullfont!
Missing character: There is no N in font nullfont!
Missing character: There is no S in font nullfont!
Missing character: There is no I in font nullfont!
Missing character: There is no ] in font nullfont!
Missing character: There is no C in font nullfont!
Missing character: There is no , in font nullfont!
Missing character: There is no c in font nullfont!
Missing character: There is no a in font nullfont!
Missing character: There is no p in font nullfont!
Missing character: There is no t in font nullfont!
Missing character: There is no i in font nullfont!
Missing character: There is no o in font nullfont!
Missing character: There is no n in font nullfont!
Missing character: There is no = in font nullfont!
Missing character: There is no o in font nullfont!
Missing character: There is no u in font nullfont!
Missing character: There is no t in font nullfont!
Missing character: There is no 1 in font nullfont!
Missing character: There is no . in font nullfont!
Missing character: There is no c in font nullfont!
Missing character: There is no ] in font nullfont!
Missing character: There is no P in font nullfont!
Missing character: There is no r in font nullfont!
Missing character: There is no o in font nullfont!
Missing character: There is no g in font nullfont!
Missing character: There is no r in font nullfont!
Missing character: There is no a in font nullfont!
Missing character: There is no m in font nullfont!
Missing character: There is no s in font nullfont!
Missing character: There is no / in font nullfont!
Missing character: There is no o in font nullfont!
Missing character: There is no u in font nullfont!
Missing character: There is no t in font nullfont!
Missing character: There is no 1 in font nullfont!
Missing character: There is no . in font nullfont!
Missing character: There is no c in font nullfont!
)
! Emergency stop.
<*> Chapter1.tex
                
*** (job aborted, no legal \end found)

 
Here is how much of TeX's memory you used:
 58 strings out of 495028
 892 string characters out of 6181498
 49000 words of memory out of 5000000
 3361 multiletter control sequences out of 15000+600000
 10103 words of font info for 17 fonts, out of 8000000 for 9000
 14 hyphenation exceptions out of 8191
 19i,7n,12p,274b,136s stack positions out of 5000i,500n,10000p,200000b,80000s
!  ==> Fatal error occurred, no output PDF file produced!
