This is pdfTeX, Version 3.1415926-2.5-1.40.14 (TeX Live 2013/Debian) (format=pdflatex 2017.9.8)  29 SEP 2017 19:20
entering extended mode
 restricted \write18 enabled.
 %&-line parsing enabled.
**Chapter13.tex
(./Chapter13.tex
LaTeX2e <2011/06/27>
Babel <3.9h> and hyphenation patterns for 2 languages loaded.
! Undefined control sequence.
l.1 \chapter
            {Expression Tree}
The control sequence at the end of the top line
of your error message was never \def'ed. If you have
misspelled it (e.g., `\hobx'), type `I' and the correct
spelling (e.g., `I\hbox'). Otherwise just continue,
and I'll forget about whatever was undefined.


! LaTeX Error: Missing \begin{document}.

See the LaTeX manual or LaTeX Companion for explanation.
Type  H <return>  for immediate help.
 ...                                              
                                                  
l.1 \chapter{E
              xpression Tree}
You're in trouble here.  Try typing  <return>  to proceed.
If that doesn't work, type  X <return>  to quit.

Missing character: There is no E in font nullfont!
Missing character: There is no x in font nullfont!
Missing character: There is no p in font nullfont!
Missing character: There is no r in font nullfont!
Missing character: There is no e in font nullfont!
Missing character: There is no s in font nullfont!
Missing character: There is no s in font nullfont!
Missing character: There is no i in font nullfont!
Missing character: There is no o in font nullfont!
Missing character: There is no n in font nullfont!
Missing character: There is no T in font nullfont!
Missing character: There is no r in font nullfont!
Missing character: There is no e in font nullfont!
Missing character: There is no e in font nullfont!
! Undefined control sequence.
l.2 \section
            *{Question}
The control sequence at the end of the top line
of your error message was never \def'ed. If you have
misspelled it (e.g., `\hobx'), type `I' and the correct
spelling (e.g., `I\hbox'). Otherwise just continue,
and I'll forget about whatever was undefined.

Missing character: There is no * in font nullfont!
Missing character: There is no Q in font nullfont!
Missing character: There is no u in font nullfont!
Missing character: There is no e in font nullfont!
Missing character: There is no s in font nullfont!
Missing character: There is no t in font nullfont!
Missing character: There is no i in font nullfont!
Missing character: There is no o in font nullfont!
Missing character: There is no n in font nullfont!

Overfull \hbox (20.0pt too wide) in paragraph at lines 1--3
[]
 []

LaTeX Font Info:    Try loading font information for OT1+qbk on input line 4.
(/usr/share/texmf/tex/latex/tex-gyre/ot1qbk.fd
File: ot1qbk.fd 2009/09/25 v1.2 font definition file for OT1/qbk
)

! LaTeX Error: Missing \begin{document}.

See the LaTeX manual or LaTeX Companion for explanation.
Type  H <return>  for immediate help.
 ...                                              
                                                  
l.4 ...ression and evaluate the expression tree.}}
                                                  } \\
You're in trouble here.  Try typing  <return>  to proceed.
If that doesn't work, type  X <return>  to quit.

LaTeX Font Info:    Font shape `OT1/qbk/bx/it' in size <10> not available
(Font)              Font shape `OT1/qbk/b/it' tried instead on input line 4.

Overfull \hbox (48.14996pt too wide) in paragraph at lines 4--6
[]\OT1/qbk/b/it/10 Write
 []


Overfull \hbox (6.8pt too wide) in paragraph at lines 4--6
\OT1/qbk/b/it/10 a
 []


Overfull \hbox (6.99998pt too wide) in paragraph at lines 4--6
\OT1/qbk/b/it/10 C
 []


Overfull \hbox (20.3pt too wide) in paragraph at lines 4--6
\OT1/qbk/b/it/10 pro-
 []


Overfull \hbox (27.35pt too wide) in paragraph at lines 4--6
\OT1/qbk/b/it/10 gram
 []


Overfull \hbox (10.25pt too wide) in paragraph at lines 4--6
\OT1/qbk/b/it/10 to
 []


Overfull \hbox (21.2pt too wide) in paragraph at lines 4--6
\OT1/qbk/b/it/10 con-
 []


Overfull \hbox (31.49995pt too wide) in paragraph at lines 4--6
\OT1/qbk/b/it/10 struct
 []


Overfull \hbox (13.6pt too wide) in paragraph at lines 4--6
\OT1/qbk/b/it/10 an
 []


Overfull \hbox (14.64998pt too wide) in paragraph at lines 4--6
\OT1/qbk/b/it/10 ex-
 []


Overfull \hbox (25.24998pt too wide) in paragraph at lines 4--6
\OT1/qbk/b/it/10 pres-
 []


Overfull \hbox (21.99997pt too wide) in paragraph at lines 4--6
\OT1/qbk/b/it/10 sion
 []


Overfull \hbox (20.44998pt too wide) in paragraph at lines 4--6
\OT1/qbk/b/it/10 tree
 []


Overfull \hbox (14.84998pt too wide) in paragraph at lines 4--6
\OT1/qbk/b/it/10 for
 []


Overfull \hbox (6.8pt too wide) in paragraph at lines 4--6
\OT1/qbk/b/it/10 a
 []


Overfull \hbox (27.74995pt too wide) in paragraph at lines 4--6
\OT1/qbk/b/it/10 given
 []


Overfull \hbox (24.99998pt too wide) in paragraph at lines 4--6
\OT1/qbk/b/it/10 post-
 []


Overfull \hbox (14.4pt too wide) in paragraph at lines 4--6
\OT1/qbk/b/it/10 fix
 []


Overfull \hbox (14.64998pt too wide) in paragraph at lines 4--6
\OT1/qbk/b/it/10 ex-
 []


Overfull \hbox (25.24998pt too wide) in paragraph at lines 4--6
\OT1/qbk/b/it/10 pres-
 []


Overfull \hbox (21.99997pt too wide) in paragraph at lines 4--6
\OT1/qbk/b/it/10 sion
 []


Overfull \hbox (20.40001pt too wide) in paragraph at lines 4--6
\OT1/qbk/b/it/10 and
 []


Overfull \hbox (24.29996pt too wide) in paragraph at lines 4--6
\OT1/qbk/b/it/10 eval-
 []


Overfull \hbox (9.6pt too wide) in paragraph at lines 4--6
\OT1/qbk/b/it/10 u-
 []


Overfull \hbox (16.59999pt too wide) in paragraph at lines 4--6
\OT1/qbk/b/it/10 ate
 []


Overfull \hbox (16.74997pt too wide) in paragraph at lines 4--6
\OT1/qbk/b/it/10 the
 []


Overfull \hbox (14.64998pt too wide) in paragraph at lines 4--6
\OT1/qbk/b/it/10 ex-
 []


Overfull \hbox (25.24998pt too wide) in paragraph at lines 4--6
\OT1/qbk/b/it/10 pres-
 []


Overfull \hbox (21.99997pt too wide) in paragraph at lines 4--6
\OT1/qbk/b/it/10 sion
 []


Overfull \hbox (23.84996pt too wide) in paragraph at lines 4--6
\OT1/qbk/b/it/10 tree. 
 []

! Undefined control sequence.
l.7 \section
            *{C Code}
The control sequence at the end of the top line
of your error message was never \def'ed. If you have
misspelled it (e.g., `\hobx'), type `I' and the correct
spelling (e.g., `I\hbox'). Otherwise just continue,
and I'll forget about whatever was undefined.


! LaTeX Error: Missing \begin{document}.

See the LaTeX manual or LaTeX Companion for explanation.
Type  H <return>  for immediate help.
 ...                                              
                                                  
l.7 \section*
             {C Code}
You're in trouble here.  Try typing  <return>  to proceed.
If that doesn't work, type  X <return>  to quit.

Missing character: There is no * in font nullfont!
Missing character: There is no C in font nullfont!
Missing character: There is no C in font nullfont!
Missing character: There is no o in font nullfont!
Missing character: There is no d in font nullfont!
Missing character: There is no e in font nullfont!

Overfull \hbox (20.0pt too wide) in paragraph at lines 7--8
[]
 []

! Undefined control sequence.
l.9 \lstinputlisting
                    [language={[ANSI]C}, caption=13ExpressionTree.c]{Program...
The control sequence at the end of the top line
of your error message was never \def'ed. If you have
misspelled it (e.g., `\hobx'), type `I' and the correct
spelling (e.g., `I\hbox'). Otherwise just continue,
and I'll forget about whatever was undefined.


! LaTeX Error: Missing \begin{document}.

See the LaTeX manual or LaTeX Companion for explanation.
Type  H <return>  for immediate help.
 ...                                              
                                                  
l.9 \lstinputlisting[
                     language={[ANSI]C}, caption=13ExpressionTree.c]{Program...

You're in trouble here.  Try typing  <return>  to proceed.
If that doesn't work, type  X <return>  to quit.

Missing character: There is no [ in font nullfont!
Missing character: There is no l in font nullfont!
Missing character: There is no a in font nullfont!
Missing character: There is no n in font nullfont!
Missing character: There is no g in font nullfont!
Missing character: There is no u in font nullfont!
Missing character: There is no a in font nullfont!
Missing character: There is no g in font nullfont!
Missing character: There is no e in font nullfont!
Missing character: There is no = in font nullfont!
Missing character: There is no [ in font nullfont!
Missing character: There is no A in font nullfont!
Missing character: There is no N in font nullfont!
Missing character: There is no S in font nullfont!
Missing character: There is no I in font nullfont!
Missing character: There is no ] in font nullfont!
Missing character: There is no C in font nullfont!
Missing character: There is no , in font nullfont!
Missing character: There is no c in font nullfont!
Missing character: There is no a in font nullfont!
Missing character: There is no p in font nullfont!
Missing character: There is no t in font nullfont!
Missing character: There is no i in font nullfont!
Missing character: There is no o in font nullfont!
Missing character: There is no n in font nullfont!
Missing character: There is no = in font nullfont!
Missing character: There is no 1 in font nullfont!
Missing character: There is no 3 in font nullfont!
Missing character: There is no E in font nullfont!
Missing character: There is no x in font nullfont!
Missing character: There is no p in font nullfont!
Missing character: There is no r in font nullfont!
Missing character: There is no e in font nullfont!
Missing character: There is no s in font nullfont!
Missing character: There is no s in font nullfont!
Missing character: There is no i in font nullfont!
Missing character: There is no o in font nullfont!
Missing character: There is no n in font nullfont!
Missing character: There is no T in font nullfont!
Missing character: There is no r in font nullfont!
Missing character: There is no e in font nullfont!
Missing character: There is no e in font nullfont!
Missing character: There is no . in font nullfont!
Missing character: There is no c in font nullfont!
Missing character: There is no ] in font nullfont!
Missing character: There is no P in font nullfont!
Missing character: There is no r in font nullfont!
Missing character: There is no o in font nullfont!
Missing character: There is no g in font nullfont!
Missing character: There is no r in font nullfont!
Missing character: There is no a in font nullfont!
Missing character: There is no m in font nullfont!
Missing character: There is no s in font nullfont!
Missing character: There is no / in font nullfont!
Missing character: There is no 1 in font nullfont!
Missing character: There is no 3 in font nullfont!
Missing character: There is no E in font nullfont!
Missing character: There is no x in font nullfont!
Missing character: There is no p in font nullfont!
Missing character: There is no r in font nullfont!
Missing character: There is no e in font nullfont!
Missing character: There is no s in font nullfont!
Missing character: There is no s in font nullfont!
Missing character: There is no i in font nullfont!
Missing character: There is no o in font nullfont!
Missing character: There is no n in font nullfont!
Missing character: There is no T in font nullfont!
Missing character: There is no r in font nullfont!
Missing character: There is no e in font nullfont!
Missing character: There is no e in font nullfont!
Missing character: There is no . in font nullfont!
Missing character: There is no c in font nullfont!

Overfull \hbox (20.0pt too wide) in paragraph at lines 9--10
[]
 []

! Undefined control sequence.
l.12 \section
             *{Output}
The control sequence at the end of the top line
of your error message was never \def'ed. If you have
misspelled it (e.g., `\hobx'), type `I' and the correct
spelling (e.g., `I\hbox'). Otherwise just continue,
and I'll forget about whatever was undefined.


! LaTeX Error: Missing \begin{document}.

See the LaTeX manual or LaTeX Companion for explanation.
Type  H <return>  for immediate help.
 ...                                              
                                                  
l.12 \section*
              {Output}
You're in trouble here.  Try typing  <return>  to proceed.
If that doesn't work, type  X <return>  to quit.

Missing character: There is no * in font nullfont!
Missing character: There is no O in font nullfont!
Missing character: There is no u in font nullfont!
Missing character: There is no t in font nullfont!
Missing character: There is no p in font nullfont!
Missing character: There is no u in font nullfont!
Missing character: There is no t in font nullfont!

! LaTeX Error: Environment Verbatim undefined.

See the LaTeX manual or LaTeX Companion for explanation.
Type  H <return>  for immediate help.
 ...                                              
                                                  
l.13 \begin{Verbatim}
                     
Your command was ignored.
Type  I <command> <return>  to replace it with another command,
or  <return>  to continue without it.


Overfull \hbox (20.0pt too wide) in paragraph at lines 12--14
[]
 []


! LaTeX Error: \begin{document} ended by \end{Verbatim}.

See the LaTeX manual or LaTeX Companion for explanation.
Type  H <return>  for immediate help.
 ...                                              
                                                  
l.17 \end{Verbatim}
                   
Your command was ignored.
Type  I <command> <return>  to replace it with another command,
or  <return>  to continue without it.

)
! Emergency stop.
<*> Chapter13.tex
                 
*** (job aborted, no legal \end found)

 
Here is how much of TeX's memory you used:
 56 strings out of 495028
 859 string characters out of 6181498
 46944 words of memory out of 5000000
 3359 multiletter control sequences out of 15000+600000
 13134 words of font info for 17 fonts, out of 8000000 for 9000
 14 hyphenation exceptions out of 8191
 18i,0n,11p,271b,124s stack positions out of 5000i,500n,10000p,200000b,80000s
!  ==> Fatal error occurred, no output PDF file produced!
