This is pdfTeX, Version 3.1415926-2.5-1.40.14 (TeX Live 2013/Debian) (format=pdflatex 2017.9.8)  27 SEP 2017 14:36
entering extended mode
 restricted \write18 enabled.
 %&-line parsing enabled.
**Chapter10.tex
(./Chapter10.tex
LaTeX2e <2011/06/27>
Babel <3.9h> and hyphenation patterns for 2 languages loaded.
! Undefined control sequence.
l.1 \chapter
            {Doubly Linked Lists with Header Node}
The control sequence at the end of the top line
of your error message was never \def'ed. If you have
misspelled it (e.g., `\hobx'), type `I' and the correct
spelling (e.g., `I\hbox'). Otherwise just continue,
and I'll forget about whatever was undefined.


! LaTeX Error: Missing \begin{document}.

See the LaTeX manual or LaTeX Companion for explanation.
Type  H <return>  for immediate help.
 ...                                              
                                                  
l.1 \chapter{D
              oubly Linked Lists with Header Node}
You're in trouble here.  Try typing  <return>  to proceed.
If that doesn't work, type  X <return>  to quit.

Missing character: There is no D in font nullfont!
Missing character: There is no o in font nullfont!
Missing character: There is no u in font nullfont!
Missing character: There is no b in font nullfont!
Missing character: There is no l in font nullfont!
Missing character: There is no y in font nullfont!
Missing character: There is no L in font nullfont!
Missing character: There is no i in font nullfont!
Missing character: There is no n in font nullfont!
Missing character: There is no k in font nullfont!
Missing character: There is no e in font nullfont!
Missing character: There is no d in font nullfont!
Missing character: There is no L in font nullfont!
Missing character: There is no i in font nullfont!
Missing character: There is no s in font nullfont!
Missing character: There is no t in font nullfont!
Missing character: There is no s in font nullfont!
Missing character: There is no w in font nullfont!
Missing character: There is no i in font nullfont!
Missing character: There is no t in font nullfont!
Missing character: There is no h in font nullfont!
Missing character: There is no H in font nullfont!
Missing character: There is no e in font nullfont!
Missing character: There is no a in font nullfont!
Missing character: There is no d in font nullfont!
Missing character: There is no e in font nullfont!
Missing character: There is no r in font nullfont!
Missing character: There is no N in font nullfont!
Missing character: There is no o in font nullfont!
Missing character: There is no d in font nullfont!
Missing character: There is no e in font nullfont!
! Undefined control sequence.
l.2 \section
            *{Question}
The control sequence at the end of the top line
of your error message was never \def'ed. If you have
misspelled it (e.g., `\hobx'), type `I' and the correct
spelling (e.g., `I\hbox'). Otherwise just continue,
and I'll forget about whatever was undefined.

Missing character: There is no * in font nullfont!
Missing character: There is no Q in font nullfont!
Missing character: There is no u in font nullfont!
Missing character: There is no e in font nullfont!
Missing character: There is no s in font nullfont!
Missing character: There is no t in font nullfont!
Missing character: There is no i in font nullfont!
Missing character: There is no o in font nullfont!
Missing character: There is no n in font nullfont!

Overfull \hbox (20.0pt too wide) in paragraph at lines 1--3
[]
 []

LaTeX Font Info:    Try loading font information for OT1+qbk on input line 4.
(/usr/share/texmf/tex/latex/tex-gyre/ot1qbk.fd
File: ot1qbk.fd 2009/09/25 v1.2 font definition file for OT1/qbk
)

! LaTeX Error: Missing \begin{document}.

See the LaTeX manual or LaTeX Companion for explanation.
Type  H <return>  for immediate help.
 ...                                              
                                                  
l.12 }}
       }
You're in trouble here.  Try typing  <return>  to proceed.
If that doesn't work, type  X <return>  to quit.

LaTeX Font Info:    Font shape `OT1/qbk/bx/it' in size <10> not available
(Font)              Font shape `OT1/qbk/b/it' tried instead on input line 12.

Overfull \hbox (48.14996pt too wide) in paragraph at lines 12--12
[]\OT1/qbk/b/it/10 Write
 []


Overfull \hbox (6.8pt too wide) in paragraph at lines 12--12
\OT1/qbk/b/it/10 a
 []


Overfull \hbox (6.99998pt too wide) in paragraph at lines 12--12
\OT1/qbk/b/it/10 C
 []


Overfull \hbox (20.3pt too wide) in paragraph at lines 12--12
\OT1/qbk/b/it/10 pro-
 []


Overfull \hbox (27.35pt too wide) in paragraph at lines 12--12
\OT1/qbk/b/it/10 gram
 []


Overfull \hbox (10.25pt too wide) in paragraph at lines 12--12
\OT1/qbk/b/it/10 to
 []


Overfull \hbox (19.8pt too wide) in paragraph at lines 12--12
\OT1/qbk/b/it/10 per-
 []


Overfull \hbox (24.54997pt too wide) in paragraph at lines 12--12
\OT1/qbk/b/it/10 form
 []


Overfull \hbox (16.74997pt too wide) in paragraph at lines 12--12
\OT1/qbk/b/it/10 the
 []


Overfull \hbox (16.44997pt too wide) in paragraph at lines 12--12
\OT1/qbk/b/it/10 fol-
 []


Overfull \hbox (21.39998pt too wide) in paragraph at lines 12--12
\OT1/qbk/b/it/10 low-
 []


Overfull \hbox (16.79999pt too wide) in paragraph at lines 12--12
\OT1/qbk/b/it/10 ing
 []


Overfull \hbox (15.40001pt too wide) in paragraph at lines 12--12
\OT1/qbk/b/it/10 op-
 []


Overfull \hbox (13.2pt too wide) in paragraph at lines 12--12
\OT1/qbk/b/it/10 er-
 []


Overfull \hbox (9.6pt too wide) in paragraph at lines 12--12
\OT1/qbk/b/it/10 a-
 []


Overfull \hbox (26.39996pt too wide) in paragraph at lines 12--12
\OT1/qbk/b/it/10 tions
 []


Overfull \hbox (14.99998pt too wide) in paragraph at lines 12--12
\OT1/qbk/b/it/10 us-
 []


Overfull \hbox (16.79999pt too wide) in paragraph at lines 12--12
\OT1/qbk/b/it/10 ing
 []


Overfull \hbox (22.40001pt too wide) in paragraph at lines 12--12
\OT1/qbk/b/it/10 dou-
 []


Overfull \hbox (15.59999pt too wide) in paragraph at lines 12--12
\OT1/qbk/b/it/10 bly
 []


Overfull \hbox (33.59996pt too wide) in paragraph at lines 12--12
\OT1/qbk/b/it/10 linked
 []


Overfull \hbox (17.19995pt too wide) in paragraph at lines 12--12
\OT1/qbk/b/it/10 list
 []


Overfull \hbox (23.54997pt too wide) in paragraph at lines 12--12
\OT1/qbk/b/it/10 with
 []


Overfull \hbox (36.79997pt too wide) in paragraph at lines 12--12
\OT1/qbk/b/it/10 header
 []


Overfull \hbox (28.59998pt too wide) in paragraph at lines 12--12
\OT1/qbk/b/it/10 node.
 []


Overfull \hbox (37.79999pt too wide) in paragraph at lines 12--12
\OT1/qbk/b/it/10 Header
 []


Overfull \hbox (25.2pt too wide) in paragraph at lines 12--12
\OT1/qbk/b/it/10 node
 []


Overfull \hbox (35.79996pt too wide) in paragraph at lines 12--12
\OT1/qbk/b/it/10 should
 []


Overfull \hbox (29.8pt too wide) in paragraph at lines 12--12
\OT1/qbk/b/it/10 main-
 []


Overfull \hbox (21.49997pt too wide) in paragraph at lines 12--12
\OT1/qbk/b/it/10 tain
 []


Overfull \hbox (16.74997pt too wide) in paragraph at lines 12--12
\OT1/qbk/b/it/10 the
 []


Overfull \hbox (29.59999pt too wide) in paragraph at lines 12--12
\OT1/qbk/b/it/10 count
 []


Overfull \hbox (10.2pt too wide) in paragraph at lines 12--12
\OT1/qbk/b/it/10 of
 []


Overfull \hbox (26.00002pt too wide) in paragraph at lines 12--12
\OT1/qbk/b/it/10 num-
 []


Overfull \hbox (16.59999pt too wide) in paragraph at lines 12--12
\OT1/qbk/b/it/10 ber
 []


Overfull \hbox (10.2pt too wide) in paragraph at lines 12--12
\OT1/qbk/b/it/10 of
 []


Overfull \hbox (30.59998pt too wide) in paragraph at lines 12--12
\OT1/qbk/b/it/10 nodes
 []


Overfull \hbox (10.59999pt too wide) in paragraph at lines 12--12
\OT1/qbk/b/it/10 in
 []


Overfull \hbox (16.74997pt too wide) in paragraph at lines 12--12
\OT1/qbk/b/it/10 the
 []


Overfull \hbox (17.19995pt too wide) in paragraph at lines 12--12
\OT1/qbk/b/it/10 list
 []


Overfull \hbox (13.8pt too wide) in paragraph at lines 12--12
\OT1/qbk/b/it/10 af-
 []


Overfull \hbox (14.79999pt too wide) in paragraph at lines 12--12
\OT1/qbk/b/it/10 ter
 []


Overfull \hbox (24.74997pt too wide) in paragraph at lines 12--12
\OT1/qbk/b/it/10 each
 []


Overfull \hbox (15.40001pt too wide) in paragraph at lines 12--12
\OT1/qbk/b/it/10 op-
 []


Overfull \hbox (13.2pt too wide) in paragraph at lines 12--12
\OT1/qbk/b/it/10 er-
 []


Overfull \hbox (9.6pt too wide) in paragraph at lines 12--12
\OT1/qbk/b/it/10 a-
 []


Overfull \hbox (24.39996pt too wide) in paragraph at lines 12--12
\OT1/qbk/b/it/10 tion: 
 []


! LaTeX Error: Missing \begin{document}.

See the LaTeX manual or LaTeX Companion for explanation.
Type  H <return>  for immediate help.
 ...                                              
                                                  
l.12 }}
       }
You're in trouble here.  Try typing  <return>  to proceed.
If that doesn't work, type  X <return>  to quit.

! Missing number, treated as zero.
<to be read again> 
                   \c@* 
l.12 }}
       }
A number should have been here; I inserted `0'.
(If you can't figure out why I needed to see a number,
look up `weird error' in the index to The TeXbook.)


! LaTeX Error: Something's wrong--perhaps a missing \item.

See the LaTeX manual or LaTeX Companion for explanation.
Type  H <return>  for immediate help.
 ...                                              
                                                  
l.12 }}
       }
Try typing  <return>  to proceed.
If that doesn't work, type  X <return>  to quit.


! LaTeX Error: Something's wrong--perhaps a missing \item.

See the LaTeX manual or LaTeX Companion for explanation.
Type  H <return>  for immediate help.
 ...                                              
                                                  
l.12 }}
       }
Try typing  <return>  to proceed.
If that doesn't work, type  X <return>  to quit.


! LaTeX Error: Something's wrong--perhaps a missing \item.

See the LaTeX manual or LaTeX Companion for explanation.
Type  H <return>  for immediate help.
 ...                                              
                                                  
l.12 }}
       }
Try typing  <return>  to proceed.
If that doesn't work, type  X <return>  to quit.


! LaTeX Error: Something's wrong--perhaps a missing \item.

See the LaTeX manual or LaTeX Companion for explanation.
Type  H <return>  for immediate help.
 ...                                              
                                                  
l.12 }}
       }
Try typing  <return>  to proceed.
If that doesn't work, type  X <return>  to quit.


! LaTeX Error: Something's wrong--perhaps a missing \item.

See the LaTeX manual or LaTeX Companion for explanation.
Type  H <return>  for immediate help.
 ...                                              
                                                  
l.12 }}
       }
Try typing  <return>  to proceed.
If that doesn't work, type  X <return>  to quit.


! LaTeX Error: Something's wrong--perhaps a missing \item.

See the LaTeX manual or LaTeX Companion for explanation.
Type  H <return>  for immediate help.
 ...                                              
                                                  
l.12 }}
       }
Try typing  <return>  to proceed.
If that doesn't work, type  X <return>  to quit.


! LaTeX Error: Something's wrong--perhaps a missing \item.

See the LaTeX manual or LaTeX Companion for explanation.
Type  H <return>  for immediate help.
 ...                                              
                                                  
l.12 }}
       }
Try typing  <return>  to proceed.
If that doesn't work, type  X <return>  to quit.


! LaTeX Error: Something's wrong--perhaps a missing \item.

See the LaTeX manual or LaTeX Companion for explanation.
Type  H <return>  for immediate help.
 ...                                              
                                                  
l.12 }}
       }
Try typing  <return>  to proceed.
If that doesn't work, type  X <return>  to quit.


! LaTeX Error: Something's wrong--perhaps a missing \item.

See the LaTeX manual or LaTeX Companion for explanation.
Type  H <return>  for immediate help.
 ...                                              
                                                  
l.12 }}
       }
Try typing  <return>  to proceed.
If that doesn't work, type  X <return>  to quit.


! LaTeX Error: Something's wrong--perhaps a missing \item.

See the LaTeX manual or LaTeX Companion for explanation.
Type  H <return>  for immediate help.
 ...                                              
                                                  
l.12 }}
       }
Try typing  <return>  to proceed.
If that doesn't work, type  X <return>  to quit.


! LaTeX Error: Something's wrong--perhaps a missing \item.

See the LaTeX manual or LaTeX Companion for explanation.
Type  H <return>  for immediate help.
 ...                                              
                                                  
l.12 }}
       }
Try typing  <return>  to proceed.
If that doesn't work, type  X <return>  to quit.


! LaTeX Error: Something's wrong--perhaps a missing \item.

See the LaTeX manual or LaTeX Companion for explanation.
Type  H <return>  for immediate help.
 ...                                              
                                                  
l.12 }}
       }
Try typing  <return>  to proceed.
If that doesn't work, type  X <return>  to quit.


! LaTeX Error: Something's wrong--perhaps a missing \item.

See the LaTeX manual or LaTeX Companion for explanation.
Type  H <return>  for immediate help.
 ...                                              
                                                  
l.12 }}
       }
Try typing  <return>  to proceed.
If that doesn't work, type  X <return>  to quit.


! LaTeX Error: Something's wrong--perhaps a missing \item.

See the LaTeX manual or LaTeX Companion for explanation.
Type  H <return>  for immediate help.
 ...                                              
                                                  
l.12 }}
       }
Try typing  <return>  to proceed.
If that doesn't work, type  X <return>  to quit.


! LaTeX Error: Something's wrong--perhaps a missing \item.

See the LaTeX manual or LaTeX Companion for explanation.
Type  H <return>  for immediate help.
 ...                                              
                                                  
l.12 }}
       }
Try typing  <return>  to proceed.
If that doesn't work, type  X <return>  to quit.

! Missing $ inserted.
<inserted text> 
                $
l.12 }}
       }
I've inserted a begin-math/end-math symbol since I think
you left one out. Proceed, with fingers crossed.

LaTeX Font Info:    External font `cmex10' loaded for size
(Font)              <7> on input line 12.
LaTeX Font Info:    External font `cmex10' loaded for size
(Font)              <5> on input line 12.

! LaTeX Error: Something's wrong--perhaps a missing \item.

See the LaTeX manual or LaTeX Companion for explanation.
Type  H <return>  for immediate help.
 ...                                              
                                                  
l.12 }}
       }
Try typing  <return>  to proceed.
If that doesn't work, type  X <return>  to quit.


! LaTeX Error: Command \end{enumerate} invalid in math mode.

See the LaTeX manual or LaTeX Companion for explanation.
Type  H <return>  for immediate help.
 ...                                              
                                                  
l.12 }}
       }
Try typing  <return>  to proceed.
If that doesn't work, type  X <return>  to quit.


! LaTeX Error: Something's wrong--perhaps a missing \item.

See the LaTeX manual or LaTeX Companion for explanation.
Type  H <return>  for immediate help.
 ...                                              
                                                  
l.12 }}
       }
Try typing  <return>  to proceed.
If that doesn't work, type  X <return>  to quit.


! LaTeX Error: Something's wrong--perhaps a missing \item.

See the LaTeX manual or LaTeX Companion for explanation.
Type  H <return>  for immediate help.
 ...                                              
                                                  
l.12 }}
       }
Try typing  <return>  to proceed.
If that doesn't work, type  X <return>  to quit.

! Missing $ inserted.
<inserted text> 
                $
l.12 }}
       }
I've inserted something that you may have forgotten.
(See the <inserted text> above.)
With luck, this will get me unwedged. But if you
really didn't forget anything, try typing `2' now; then
my insertion and my current dilemma will both disappear.


Overfull \hbox (47.44995pt too wide) in paragraph at lines 12--14
[]\OT1/qbk/b/it/10 [label=]to
 []


Overfull \hbox (13.4pt too wide) in paragraph at lines 12--14
\OT1/qbk/b/it/10 in-
 []


Overfull \hbox (20.44995pt too wide) in paragraph at lines 12--14
\OT1/qbk/b/it/10 sert
 []


Overfull \hbox (6.8pt too wide) in paragraph at lines 12--14
\OT1/qbk/b/it/10 a
 []


Overfull \hbox (25.2pt too wide) in paragraph at lines 12--14
\OT1/qbk/b/it/10 node
 []


Overfull \hbox (23.04997pt too wide) in paragraph at lines 12--14
\OT1/qbk/b/it/10 next
 []


Overfull \hbox (10.25pt too wide) in paragraph at lines 12--14
\OT1/qbk/b/it/10 to
 []


Overfull \hbox (6.8pt too wide) in paragraph at lines 12--14
\OT1/qbk/b/it/10 a
 []


Overfull \hbox (25.2pt too wide) in paragraph at lines 12--14
\OT1/qbk/b/it/10 node
 []


Overfull \hbox (32.59996pt too wide) in paragraph at lines 12--14
\OT1/qbk/b/it/10 whose
 []


Overfull \hbox (13.4pt too wide) in paragraph at lines 12--14
\OT1/qbk/b/it/10 in-
 []


Overfull \hbox (17.44998pt too wide) in paragraph at lines 12--14
\OT1/qbk/b/it/10 for-
 []


Overfull \hbox (19.20001pt too wide) in paragraph at lines 12--14
\OT1/qbk/b/it/10 ma-
 []


Overfull \hbox (20.99998pt too wide) in paragraph at lines 12--14
\OT1/qbk/b/it/10 tion
 []


Overfull \hbox (24.39998pt too wide) in paragraph at lines 12--14
\OT1/qbk/b/it/10 field
 []


Overfull \hbox (25.99997pt too wide) in paragraph at lines 12--14
\OT1/qbk/b/it/10 spec-
 []


Overfull \hbox (6.59999pt too wide) in paragraph at lines 12--14
\OT1/qbk/b/it/10 i-
 []


Overfull \hbox (23.99997pt too wide) in paragraph at lines 12--14
\OT1/qbk/b/it/10 fied.
 []


Overfull \hbox (10.25pt too wide) in paragraph at lines 12--14
[]\OT1/qbk/b/it/10 to
 []


Overfull \hbox (31.39996pt too wide) in paragraph at lines 12--14
\OT1/qbk/b/it/10 delete
 []


Overfull \hbox (22.79997pt too wide) in paragraph at lines 12--14
\OT1/qbk/b/it/10 first
 []


Overfull \hbox (25.2pt too wide) in paragraph at lines 12--14
\OT1/qbk/b/it/10 node
 []


Overfull \hbox (7.99998pt too wide) in paragraph at lines 12--14
\OT1/qbk/b/it/10 if
 []


Overfull \hbox (37.99998pt too wide) in paragraph at lines 12--14
\OT1/qbk/b/it/10 pointer
 []


Overfull \hbox (10.25pt too wide) in paragraph at lines 12--14
\OT1/qbk/b/it/10 to
 []


Overfull \hbox (16.74997pt too wide) in paragraph at lines 12--14
\OT1/qbk/b/it/10 the
 []


Overfull \hbox (20.19997pt too wide) in paragraph at lines 12--14
\OT1/qbk/b/it/10 last
 []


Overfull \hbox (25.2pt too wide) in paragraph at lines 12--14
\OT1/qbk/b/it/10 node
 []


Overfull \hbox (9.19997pt too wide) in paragraph at lines 12--14
\OT1/qbk/b/it/10 is
 []


Overfull \hbox (31.14993pt too wide) in paragraph at lines 12--14
\OT1/qbk/b/it/10 given.
 []


Overfull \hbox (10.25pt too wide) in paragraph at lines 12--14
[]\OT1/qbk/b/it/10 to
 []


Overfull \hbox (31.39996pt too wide) in paragraph at lines 12--14
\OT1/qbk/b/it/10 delete
 []


Overfull \hbox (6.8pt too wide) in paragraph at lines 12--14
\OT1/qbk/b/it/10 a
 []


Overfull \hbox (25.2pt too wide) in paragraph at lines 12--14
\OT1/qbk/b/it/10 node
 []


Overfull \hbox (11.2pt too wide) in paragraph at lines 12--14
\OT1/qbk/b/it/10 at
 []


Overfull \hbox (16.74997pt too wide) in paragraph at lines 12--14
\OT1/qbk/b/it/10 the
 []


Overfull \hbox (25.99997pt too wide) in paragraph at lines 12--14
\OT1/qbk/b/it/10 spec-
 []


Overfull \hbox (6.59999pt too wide) in paragraph at lines 12--14
\OT1/qbk/b/it/10 i-
 []


Overfull \hbox (20.59999pt too wide) in paragraph at lines 12--14
\OT1/qbk/b/it/10 fied
 []


Overfull \hbox (15.40001pt too wide) in paragraph at lines 12--14
\OT1/qbk/b/it/10 po-
 []


Overfull \hbox (11.99997pt too wide) in paragraph at lines 12--14
\OT1/qbk/b/it/10 si-
 []


Overfull \hbox (20.99998pt too wide) in paragraph at lines 12--14
\OT1/qbk/b/it/10 tion
 []


Overfull \hbox (10.59999pt too wide) in paragraph at lines 12--14
\OT1/qbk/b/it/10 in
 []


Overfull \hbox (16.74997pt too wide) in paragraph at lines 12--14
\OT1/qbk/b/it/10 the
 []


Overfull \hbox (20.59993pt too wide) in paragraph at lines 12--14
\OT1/qbk/b/it/10 list.
 []


Overfull \hbox (10.25pt too wide) in paragraph at lines 12--14
[]\OT1/qbk/b/it/10 to
 []


Overfull \hbox (18.79997pt too wide) in paragraph at lines 12--14
\OT1/qbk/b/it/10 dis-
 []


Overfull \hbox (23.15pt too wide) in paragraph at lines 12--14
\OT1/qbk/b/it/10 play
 []


Overfull \hbox (16.74997pt too wide) in paragraph at lines 12--14
\OT1/qbk/b/it/10 the
 []


Overfull \hbox (21.2pt too wide) in paragraph at lines 12--14
\OT1/qbk/b/it/10 con-
 []


Overfull \hbox (26.39996pt too wide) in paragraph at lines 12--14
\OT1/qbk/b/it/10 tents
 []


Overfull \hbox (10.2pt too wide) in paragraph at lines 12--14
\OT1/qbk/b/it/10 of
 []


Overfull \hbox (16.74997pt too wide) in paragraph at lines 12--14
\OT1/qbk/b/it/10 the
 []


Overfull \hbox (20.59993pt too wide) in paragraph at lines 12--14
\OT1/qbk/b/it/10 list.
 []


Overfull \hbox (10.25pt too wide) in paragraph at lines 12--14
[]\OT1/qbk/b/it/10 to
 []


Overfull \hbox (27.25pt too wide) in paragraph at lines 12--14
\OT1/qbk/b/it/10 swap
 []


Overfull \hbox (115.05518pt too wide) in paragraph at lines 12--14
\OT1/qbk/b/it/10 n$[]\OML/cmm/m/it/10 andm[]nodesinthelist:$
 []

! Undefined control sequence.
l.15 \section
             *{C Code - Array Representation}
The control sequence at the end of the top line
of your error message was never \def'ed. If you have
misspelled it (e.g., `\hobx'), type `I' and the correct
spelling (e.g., `I\hbox'). Otherwise just continue,
and I'll forget about whatever was undefined.


! LaTeX Error: Missing \begin{document}.

See the LaTeX manual or LaTeX Companion for explanation.
Type  H <return>  for immediate help.
 ...                                              
                                                  
l.15 \section*
              {C Code - Array Representation}
You're in trouble here.  Try typing  <return>  to proceed.
If that doesn't work, type  X <return>  to quit.

Missing character: There is no * in font nullfont!
Missing character: There is no C in font nullfont!
Missing character: There is no C in font nullfont!
Missing character: There is no o in font nullfont!
Missing character: There is no d in font nullfont!
Missing character: There is no e in font nullfont!
Missing character: There is no - in font nullfont!
Missing character: There is no A in font nullfont!
Missing character: There is no r in font nullfont!
Missing character: There is no r in font nullfont!
Missing character: There is no a in font nullfont!
Missing character: There is no y in font nullfont!
Missing character: There is no R in font nullfont!
Missing character: There is no e in font nullfont!
Missing character: There is no p in font nullfont!
Missing character: There is no r in font nullfont!
Missing character: There is no e in font nullfont!
Missing character: There is no s in font nullfont!
Missing character: There is no e in font nullfont!
Missing character: There is no n in font nullfont!
Missing character: There is no t in font nullfont!
Missing character: There is no a in font nullfont!
Missing character: There is no t in font nullfont!
Missing character: There is no i in font nullfont!
Missing character: There is no o in font nullfont!
Missing character: There is no n in font nullfont!

Overfull \hbox (20.0pt too wide) in paragraph at lines 15--16
[]
 []

! Undefined control sequence.
l.17 \lstinputlisting
                     [language={[ANSI]C}, caption=10DoublyLinkedList.c]{Prog...
The control sequence at the end of the top line
of your error message was never \def'ed. If you have
misspelled it (e.g., `\hobx'), type `I' and the correct
spelling (e.g., `I\hbox'). Otherwise just continue,
and I'll forget about whatever was undefined.


! LaTeX Error: Missing \begin{document}.

See the LaTeX manual or LaTeX Companion for explanation.
Type  H <return>  for immediate help.
 ...                                              
                                                  
l.17 \lstinputlisting[
                      language={[ANSI]C}, caption=10DoublyLinkedList.c]{Prog...

You're in trouble here.  Try typing  <return>  to proceed.
If that doesn't work, type  X <return>  to quit.

Missing character: There is no [ in font nullfont!
Missing character: There is no l in font nullfont!
Missing character: There is no a in font nullfont!
Missing character: There is no n in font nullfont!
Missing character: There is no g in font nullfont!
Missing character: There is no u in font nullfont!
Missing character: There is no a in font nullfont!
Missing character: There is no g in font nullfont!
Missing character: There is no e in font nullfont!
Missing character: There is no = in font nullfont!
Missing character: There is no [ in font nullfont!
Missing character: There is no A in font nullfont!
Missing character: There is no N in font nullfont!
Missing character: There is no S in font nullfont!
Missing character: There is no I in font nullfont!
Missing character: There is no ] in font nullfont!
Missing character: There is no C in font nullfont!
Missing character: There is no , in font nullfont!
Missing character: There is no c in font nullfont!
Missing character: There is no a in font nullfont!
Missing character: There is no p in font nullfont!
Missing character: There is no t in font nullfont!
Missing character: There is no i in font nullfont!
Missing character: There is no o in font nullfont!
Missing character: There is no n in font nullfont!
Missing character: There is no = in font nullfont!
Missing character: There is no 1 in font nullfont!
Missing character: There is no 0 in font nullfont!
Missing character: There is no D in font nullfont!
Missing character: There is no o in font nullfont!
Missing character: There is no u in font nullfont!
Missing character: There is no b in font nullfont!
Missing character: There is no l in font nullfont!
Missing character: There is no y in font nullfont!
Missing character: There is no L in font nullfont!
Missing character: There is no i in font nullfont!
Missing character: There is no n in font nullfont!
Missing character: There is no k in font nullfont!
Missing character: There is no e in font nullfont!
Missing character: There is no d in font nullfont!
Missing character: There is no L in font nullfont!
Missing character: There is no i in font nullfont!
Missing character: There is no s in font nullfont!
Missing character: There is no t in font nullfont!
Missing character: There is no . in font nullfont!
Missing character: There is no c in font nullfont!
Missing character: There is no ] in font nullfont!
Missing character: There is no P in font nullfont!
Missing character: There is no r in font nullfont!
Missing character: There is no o in font nullfont!
Missing character: There is no g in font nullfont!
Missing character: There is no r in font nullfont!
Missing character: There is no a in font nullfont!
Missing character: There is no m in font nullfont!
Missing character: There is no s in font nullfont!
Missing character: There is no / in font nullfont!
Missing character: There is no 1 in font nullfont!
Missing character: There is no 0 in font nullfont!
Missing character: There is no D in font nullfont!
Missing character: There is no o in font nullfont!
Missing character: There is no u in font nullfont!
Missing character: There is no b in font nullfont!
Missing character: There is no l in font nullfont!
Missing character: There is no y in font nullfont!
Missing character: There is no L in font nullfont!
Missing character: There is no i in font nullfont!
Missing character: There is no n in font nullfont!
Missing character: There is no k in font nullfont!
Missing character: There is no e in font nullfont!
Missing character: There is no d in font nullfont!
Missing character: There is no L in font nullfont!
Missing character: There is no i in font nullfont!
Missing character: There is no s in font nullfont!
Missing character: There is no t in font nullfont!
Missing character: There is no . in font nullfont!
Missing character: There is no c in font nullfont!

Overfull \hbox (20.0pt too wide) in paragraph at lines 17--18
[]
 []

! Undefined control sequence.
l.20 \section
             *{Output}
The control sequence at the end of the top line
of your error message was never \def'ed. If you have
misspelled it (e.g., `\hobx'), type `I' and the correct
spelling (e.g., `I\hbox'). Otherwise just continue,
and I'll forget about whatever was undefined.


! LaTeX Error: Missing \begin{document}.

See the LaTeX manual or LaTeX Companion for explanation.
Type  H <return>  for immediate help.
 ...                                              
                                                  
l.20 \section*
              {Output}
You're in trouble here.  Try typing  <return>  to proceed.
If that doesn't work, type  X <return>  to quit.

Missing character: There is no * in font nullfont!
Missing character: There is no O in font nullfont!
Missing character: There is no u in font nullfont!
Missing character: There is no t in font nullfont!
Missing character: There is no p in font nullfont!
Missing character: There is no u in font nullfont!
Missing character: There is no t in font nullfont!

! LaTeX Error: Environment Verbatim undefined.

See the LaTeX manual or LaTeX Companion for explanation.
Type  H <return>  for immediate help.
 ...                                              
                                                  
l.21 \begin{Verbatim}
                     
Your command was ignored.
Type  I <command> <return>  to replace it with another command,
or  <return>  to continue without it.


Overfull \hbox (20.0pt too wide) in paragraph at lines 20--22
[]
 []


! LaTeX Error: \begin{document} ended by \end{Verbatim}.

See the LaTeX manual or LaTeX Companion for explanation.
Type  H <return>  for immediate help.
 ...                                              
                                                  
l.25 \end{Verbatim}
                   
Your command was ignored.
Type  I <command> <return>  to replace it with another command,
or  <return>  to continue without it.

)
! Emergency stop.
<*> Chapter10.tex
                 
*** (job aborted, no legal \end found)

 
Here is how much of TeX's memory you used:
 61 strings out of 495028
 906 string characters out of 6181498
 49863 words of memory out of 5000000
 3364 multiletter control sequences out of 15000+600000
 13134 words of font info for 17 fonts, out of 8000000 for 9000
 14 hyphenation exceptions out of 8191
 21i,2n,14p,339b,188s stack positions out of 5000i,500n,10000p,200000b,80000s
!  ==> Fatal error occurred, no output PDF file produced!
