\BOOKMARK [0][-]{chapter.0.1}{File Management}{}% 1
\BOOKMARK [1][-]{section.0.1.1}{C Code - Text I/O}{chapter.0.1}% 2
\BOOKMARK [1][-]{section.0.1.2}{C Code - Binary I/O}{chapter.0.1}% 3
\BOOKMARK [0][-]{chapter.0.2}{Stack Implementation}{}% 4
\BOOKMARK [1][-]{section.0.2.1}{C Code - Array Representation}{chapter.0.2}% 5
\BOOKMARK [1][-]{section.0.2.2}{C Code - Structure Representation}{chapter.0.2}% 6
\BOOKMARK [0][-]{chapter.0.3}{Infix to Postfix Conversion}{}% 7
\BOOKMARK [0][-]{chapter.0.4}{Evaluation of Prefix Expression}{}% 8
\BOOKMARK [0][-]{chapter.0.5}{Linear Queue}{}% 9
\BOOKMARK [1][-]{section.0.5.1}{C Code - Array Representation}{chapter.0.5}% 10
\BOOKMARK [1][-]{section.0.5.2}{C Code - Structure Representation}{chapter.0.5}% 11
\BOOKMARK [0][-]{chapter.0.6}{Circular Queue}{}% 12
\BOOKMARK [1][-]{section.0.6.1}{C Code - Array Representation}{chapter.0.6}% 13
\BOOKMARK [1][-]{section.0.6.2}{C Code - Structure Representation}{chapter.0.6}% 14
\BOOKMARK [0][-]{chapter.0.7}{Singly Linked List}{}% 15
\BOOKMARK [0][-]{chapter.0.8}{Ordered Linked List}{}% 16
\BOOKMARK [0][-]{chapter.0.9}{Singly Linked List Applications}{}% 17
\BOOKMARK [1][-]{section.0.9.1}{Stack using SLL}{chapter.0.9}% 18
\BOOKMARK [1][-]{section.0.9.2}{Queue using SLL}{chapter.0.9}% 19
\BOOKMARK [1][-]{section.0.9.3}{Polynomial Addition}{chapter.0.9}% 20
\BOOKMARK [0][-]{chapter.0.10}{Doubly Linked Lists with Header Node}{}% 21
\BOOKMARK [0][-]{chapter.0.11}{Double Ended Queue using Doubly Linked List}{}% 22
\BOOKMARK [0][-]{chapter.0.12}{Binary Search Tree}{}% 23
\BOOKMARK [0][-]{chapter.0.13}{Expression Tree}{}% 24
